INFO [2024-12-20 11:56:30] [[1]]
INFO [2024-12-20 11:56:30] list(B = 1:1800, A = 1571:2020)
INFO [2024-12-20 11:56:30] 
INFO [2024-12-20 11:56:30] $fill
INFO [2024-12-20 11:56:30] c("red", "green")
INFO [2024-12-20 11:56:30] 
INFO [2024-12-20 11:56:30] $alpha
INFO [2024-12-20 11:56:30] c(0.5, 0.5)
INFO [2024-12-20 11:56:30] 
INFO [2024-12-20 11:56:30] $cex
INFO [2024-12-20 11:56:30] [1] 2
INFO [2024-12-20 11:56:30] 
INFO [2024-12-20 11:56:30] $cat.fontface
INFO [2024-12-20 11:56:30] [1] 4
INFO [2024-12-20 11:56:30] 
INFO [2024-12-20 11:56:30] $lty
INFO [2024-12-20 11:56:30] [1] 2
INFO [2024-12-20 11:56:30] 
INFO [2024-12-20 11:56:30] $filename
INFO [2024-12-20 11:56:30] [1] "trial2.emf"
INFO [2024-12-20 11:56:30] 
