INFO [2024-12-20 11:56:25] [[1]]
INFO [2024-12-20 11:56:25] list(B = 1:1800, A = 1571:2020)
INFO [2024-12-20 11:56:25] 
INFO [2024-12-20 11:56:25] $fill
INFO [2024-12-20 11:56:25] c("red", "green")
INFO [2024-12-20 11:56:25] 
INFO [2024-12-20 11:56:25] $alpha
INFO [2024-12-20 11:56:25] c(0.5, 0.5)
INFO [2024-12-20 11:56:25] 
INFO [2024-12-20 11:56:25] $cex
INFO [2024-12-20 11:56:25] [1] 2
INFO [2024-12-20 11:56:25] 
INFO [2024-12-20 11:56:25] $cat.fontface
INFO [2024-12-20 11:56:25] [1] 4
INFO [2024-12-20 11:56:25] 
INFO [2024-12-20 11:56:25] $lty
INFO [2024-12-20 11:56:25] [1] 2
INFO [2024-12-20 11:56:25] 
INFO [2024-12-20 11:56:25] $filename
INFO [2024-12-20 11:56:25] [1] "trial2.emf"
INFO [2024-12-20 11:56:25] 
