INFO [2024-12-20 11:55:35] [[1]]
INFO [2024-12-20 11:55:35] list(B = 1:1800, A = 1571:2020)
INFO [2024-12-20 11:55:35] 
INFO [2024-12-20 11:55:35] $fill
INFO [2024-12-20 11:55:35] c("red", "green")
INFO [2024-12-20 11:55:35] 
INFO [2024-12-20 11:55:35] $alpha
INFO [2024-12-20 11:55:35] c(0.5, 0.5)
INFO [2024-12-20 11:55:35] 
INFO [2024-12-20 11:55:35] $cex
INFO [2024-12-20 11:55:35] [1] 2
INFO [2024-12-20 11:55:35] 
INFO [2024-12-20 11:55:35] $cat.fontface
INFO [2024-12-20 11:55:35] [1] 4
INFO [2024-12-20 11:55:35] 
INFO [2024-12-20 11:55:35] $lty
INFO [2024-12-20 11:55:35] [1] 2
INFO [2024-12-20 11:55:35] 
INFO [2024-12-20 11:55:35] $fontfamily
INFO [2024-12-20 11:55:35] [1] 3
INFO [2024-12-20 11:55:35] 
INFO [2024-12-20 11:55:35] $filename
INFO [2024-12-20 11:55:35] [1] "trial2.emf"
INFO [2024-12-20 11:55:35] 
