INFO [2024-12-20 11:56:07] [[1]]
INFO [2024-12-20 11:56:07] list(B = 1:1800, A = 1571:2020)
INFO [2024-12-20 11:56:07] 
INFO [2024-12-20 11:56:07] $fill
INFO [2024-12-20 11:56:07] c("red", "green")
INFO [2024-12-20 11:56:07] 
INFO [2024-12-20 11:56:07] $alpha
INFO [2024-12-20 11:56:07] c(0.5, 0.5)
INFO [2024-12-20 11:56:07] 
INFO [2024-12-20 11:56:07] $cex
INFO [2024-12-20 11:56:07] [1] 2
INFO [2024-12-20 11:56:07] 
INFO [2024-12-20 11:56:07] $cat.fontface
INFO [2024-12-20 11:56:07] [1] 4
INFO [2024-12-20 11:56:07] 
INFO [2024-12-20 11:56:07] $lty
INFO [2024-12-20 11:56:07] [1] 2
INFO [2024-12-20 11:56:07] 
INFO [2024-12-20 11:56:07] $fontfamily
INFO [2024-12-20 11:56:07] [1] 3
INFO [2024-12-20 11:56:07] 
INFO [2024-12-20 11:56:07] $filename
INFO [2024-12-20 11:56:07] [1] "trial2.emf"
INFO [2024-12-20 11:56:07] 
