INFO [2024-12-20 11:55:28] [[1]]
INFO [2024-12-20 11:55:28] list(B = 1:1800, A = 1571:2020)
INFO [2024-12-20 11:55:28] 
INFO [2024-12-20 11:55:28] $fill
INFO [2024-12-20 11:55:28] c("red", "green")
INFO [2024-12-20 11:55:28] 
INFO [2024-12-20 11:55:28] $alpha
INFO [2024-12-20 11:55:28] c(0.5, 0.5)
INFO [2024-12-20 11:55:28] 
INFO [2024-12-20 11:55:28] $cex
INFO [2024-12-20 11:55:28] [1] 2
INFO [2024-12-20 11:55:28] 
INFO [2024-12-20 11:55:28] $cat.fontface
INFO [2024-12-20 11:55:28] [1] 4
INFO [2024-12-20 11:55:28] 
INFO [2024-12-20 11:55:28] $lty
INFO [2024-12-20 11:55:28] [1] 2
INFO [2024-12-20 11:55:28] 
INFO [2024-12-20 11:55:28] $fontfamily
INFO [2024-12-20 11:55:28] [1] 3
INFO [2024-12-20 11:55:28] 
INFO [2024-12-20 11:55:28] $filename
INFO [2024-12-20 11:55:28] [1] "trial2.emf"
INFO [2024-12-20 11:55:28] 
