INFO [2024-12-20 11:56:15] [[1]]
INFO [2024-12-20 11:56:15] list(B = 1:1800, A = 1571:2020)
INFO [2024-12-20 11:56:15] 
INFO [2024-12-20 11:56:15] $fill
INFO [2024-12-20 11:56:15] c("red", "green")
INFO [2024-12-20 11:56:15] 
INFO [2024-12-20 11:56:15] $alpha
INFO [2024-12-20 11:56:15] c(0.5, 0.5)
INFO [2024-12-20 11:56:15] 
INFO [2024-12-20 11:56:15] $cex
INFO [2024-12-20 11:56:15] [1] 2
INFO [2024-12-20 11:56:15] 
INFO [2024-12-20 11:56:15] $cat.fontface
INFO [2024-12-20 11:56:15] [1] 4
INFO [2024-12-20 11:56:15] 
INFO [2024-12-20 11:56:15] $lty
INFO [2024-12-20 11:56:15] [1] 2
INFO [2024-12-20 11:56:15] 
INFO [2024-12-20 11:56:15] $filename
INFO [2024-12-20 11:56:15] [1] "trial2.emf"
INFO [2024-12-20 11:56:15] 
