INFO [2024-12-20 11:56:44] [[1]]
INFO [2024-12-20 11:56:44] list(B = 1:1800, A = 1571:2020)
INFO [2024-12-20 11:56:44] 
INFO [2024-12-20 11:56:44] $fill
INFO [2024-12-20 11:56:44] c("red", "green")
INFO [2024-12-20 11:56:44] 
INFO [2024-12-20 11:56:44] $alpha
INFO [2024-12-20 11:56:44] c(0.5, 0.5)
INFO [2024-12-20 11:56:44] 
INFO [2024-12-20 11:56:44] $cex
INFO [2024-12-20 11:56:44] [1] 2
INFO [2024-12-20 11:56:44] 
INFO [2024-12-20 11:56:44] $cat.fontface
INFO [2024-12-20 11:56:44] [1] 4
INFO [2024-12-20 11:56:44] 
INFO [2024-12-20 11:56:44] $lty
INFO [2024-12-20 11:56:44] [1] 2
INFO [2024-12-20 11:56:44] 
INFO [2024-12-20 11:56:44] $filename
INFO [2024-12-20 11:56:44] [1] "trial2.emf"
INFO [2024-12-20 11:56:44] 
