INFO [2024-12-20 11:56:02] [[1]]
INFO [2024-12-20 11:56:02] list(B = 1:1800, A = 1571:2020)
INFO [2024-12-20 11:56:02] 
INFO [2024-12-20 11:56:02] $fill
INFO [2024-12-20 11:56:02] c("red", "green")
INFO [2024-12-20 11:56:02] 
INFO [2024-12-20 11:56:02] $alpha
INFO [2024-12-20 11:56:02] c(0.5, 0.5)
INFO [2024-12-20 11:56:02] 
INFO [2024-12-20 11:56:02] $cex
INFO [2024-12-20 11:56:02] [1] 2
INFO [2024-12-20 11:56:02] 
INFO [2024-12-20 11:56:02] $cat.fontface
INFO [2024-12-20 11:56:02] [1] 4
INFO [2024-12-20 11:56:02] 
INFO [2024-12-20 11:56:02] $lty
INFO [2024-12-20 11:56:02] [1] 2
INFO [2024-12-20 11:56:02] 
INFO [2024-12-20 11:56:02] $fontfamily
INFO [2024-12-20 11:56:02] [1] 3
INFO [2024-12-20 11:56:02] 
INFO [2024-12-20 11:56:02] $filename
INFO [2024-12-20 11:56:02] [1] "trial2.emf"
INFO [2024-12-20 11:56:02] 
